<?xml version="1.0" encoding="UTF-8" ?>
<testsuite tests="24" failures="0" name="runnerTest.RunnerTest" time="7.206" errors="0" skipped="0">
  <properties>
    <property name="java.runtime.name" value="OpenJDK Runtime Environment"/>
    <property name="java.vm.version" value="14.0.1+14"/>
    <property name="sun.boot.library.path" value="/usr/local/Cellar/openjdk/14.0.1/libexec/openjdk.jdk/Contents/Home/lib"/>
    <property name="maven.multiModuleProjectDirectory" value="/Users/omererdogmus/IdeaProjects/CucumberBDD_C4"/>
    <property name="java.vm.vendor" value="Oracle Corporation"/>
    <property name="java.vendor.url" value="https://openjdk.java.net/"/>
    <property name="guice.disable.misplaced.annotation.check" value="true"/>
    <property name="path.separator" value=":"/>
    <property name="java.vm.name" value="OpenJDK 64-Bit Server VM"/>
    <property name="user.country" value="US"/>
    <property name="sun.java.launcher" value="SUN_STANDARD"/>
    <property name="java.vm.specification.name" value="Java Virtual Machine Specification"/>
    <property name="user.dir" value="/Users/omererdogmus/IdeaProjects/CucumberBDD_C4"/>
    <property name="java.vm.compressedOopsMode" value="Zero based"/>
    <property name="java.runtime.version" value="14.0.1+14"/>
    <property name="os.arch" value="x86_64"/>
    <property name="java.io.tmpdir" value="/var/folders/dw/jmyx_3dd02b8jtxcmfxsvx8r0000gn/T/"/>
    <property name="line.separator" value="
"/>
    <property name="java.vm.specification.vendor" value="Oracle Corporation"/>
    <property name="os.name" value="Mac OS X"/>
    <property name="classworlds.conf" value="/usr/local/Cellar/maven/3.6.3_1/libexec/bin/m2.conf"/>
    <property name="sun.jnu.encoding" value="UTF-8"/>
    <property name="java.library.path" value="/Users/omererdogmus/Library/Java/Extensions:/Library/Java/Extensions:/Network/Library/Java/Extensions:/System/Library/Java/Extensions:/usr/lib/java:."/>
    <property name="maven.conf" value="/usr/local/Cellar/maven/3.6.3_1/libexec/conf"/>
    <property name="jdk.debug" value="release"/>
    <property name="java.class.version" value="58.0"/>
    <property name="java.specification.name" value="Java Platform API Specification"/>
    <property name="sun.management.compiler" value="HotSpot 64-Bit Tiered Compilers"/>
    <property name="os.version" value="10.15.7"/>
    <property name="library.jansi.path" value="/usr/local/Cellar/maven/3.6.3_1/libexec/lib/jansi-native"/>
    <property name="http.nonProxyHosts" value="local|*.local|169.254/16|*.169.254/16"/>
    <property name="user.home" value="/Users/omererdogmus"/>
    <property name="user.timezone" value="America/New_York"/>
    <property name="file.encoding" value="UTF-8"/>
    <property name="java.specification.version" value="14"/>
    <property name="user.name" value="omererdogmus"/>
    <property name="java.class.path" value="/usr/local/Cellar/maven/3.6.3_1/libexec/boot/plexus-classworlds-2.6.0.jar"/>
    <property name="java.vm.specification.version" value="14"/>
    <property name="sun.arch.data.model" value="64"/>
    <property name="sun.java.command" value="org.codehaus.plexus.classworlds.launcher.Launcher test"/>
    <property name="java.home" value="/usr/local/Cellar/openjdk/14.0.1/libexec/openjdk.jdk/Contents/Home"/>
    <property name="user.language" value="en"/>
    <property name="java.specification.vendor" value="Oracle Corporation"/>
    <property name="java.vm.info" value="mixed mode, sharing"/>
    <property name="java.version" value="14.0.1"/>
    <property name="java.vendor" value="N/A"/>
    <property name="maven.home" value="/usr/local/Cellar/maven/3.6.3_1/libexec"/>
    <property name="file.separator" value="/"/>
    <property name="java.version.date" value="2020-04-14"/>
    <property name="java.vendor.url.bug" value="https://bugreport.java.com/bugreport/"/>
    <property name="sun.io.unicode.encoding" value="UnicodeBig"/>
    <property name="sun.cpu.endian" value="little"/>
    <property name="socksNonProxyHosts" value="local|*.local|169.254/16|*.169.254/16"/>
    <property name="ftp.nonProxyHosts" value="local|*.local|169.254/16|*.169.254/16"/>
  </properties>
  <testcase classname="Verify valid login from admin login page" name="I am on admin login page" time="0.039"/>
  <testcase classname="Verify valid login from admin login page" name="I enter admin@yourstore.com into username field on the login page" time="0.131"/>
  <testcase classname="Verify valid login from admin login page" name="I enter admin into password field on the login page" time="0.095"/>
  <testcase classname="Verify valid login from admin login page" name="I click on login button on login page" time="2.564"/>
  <testcase classname="Verify valid login from admin login page" name="I verify valid login message on sign in page" time="0.915"/>
  <testcase classname="Verify valid login from admin login page" name="Verify valid login from admin login page" time="1.019"/>
  <testcase classname="Verify invalid login for multiple users #1" name="I am on admin panel page" time="0.028"/>
  <testcase classname="Verify invalid login for multiple users #1" name="I enter omer@gmail.com into username text fields on admin login page" time="0.122"/>
  <testcase classname="Verify invalid login for multiple users #1" name="I enter test1234 into password text fields on admin login page" time="0.095"/>
  <testcase classname="Verify invalid login for multiple users #1" name="I click on login button on admin login page" time="0.627"/>
  <testcase classname="Verify invalid login for multiple users #1" name="I verify that I used invalid credentials" time="0.029"/>
  <testcase classname="Verify invalid login for multiple users #1" name="Verify invalid login for multiple users #1" time="0.113"/>
  <testcase classname="Verify invalid login for multiple users #2" name="I am on admin panel page" time="0.03"/>
  <testcase classname="Verify invalid login for multiple users #2" name="I enter john@gmail.com into username text fields on admin login page" time="0.121"/>
  <testcase classname="Verify invalid login for multiple users #2" name="I enter 1234test into password text fields on admin login page" time="0.093"/>
  <testcase classname="Verify invalid login for multiple users #2" name="I click on login button on admin login page" time="0.331"/>
  <testcase classname="Verify invalid login for multiple users #2" name="I verify that I used invalid credentials" time="0.025"/>
  <testcase classname="Verify invalid login for multiple users #2" name="Verify invalid login for multiple users #2" time="0.113"/>
  <testcase classname="Verify invalid login for multiple users #3" name="I am on admin panel page" time="0.026"/>
  <testcase classname="Verify invalid login for multiple users #3" name="I enter lisa@gmail.com into username text fields on admin login page" time="0.121"/>
  <testcase classname="Verify invalid login for multiple users #3" name="I enter test456 into password text fields on admin login page" time="0.095"/>
  <testcase classname="Verify invalid login for multiple users #3" name="I click on login button on admin login page" time="0.347"/>
  <testcase classname="Verify invalid login for multiple users #3" name="I verify that I used invalid credentials" time="0.024"/>
  <testcase classname="Verify invalid login for multiple users #3" name="Verify invalid login for multiple users #3" time="0.103"/>
</testsuite>